<?xml version="1.0" encoding="UTF-8"?>
<testsuite xmlns:xsi="http://www.w3.org/2001/XMLSchema-instance" xsi:noNamespaceSchemaLocation="https://maven.apache.org/surefire/maven-surefire-plugin/xsd/surefire-test-report-3.0.xsd" version="3.0" name="automation.TestClassCalculator" time="0.07" tests="4" errors="0" skipped="0" failures="0">
  <properties>
[...]
</properties>
  <testcase name="test_diff" classname="automation.TestClassCalculator" time="0.003"/>
  <testcase name="test_div" classname="automation.TestClassCalculator" time="0"/>
  <testcase name="test_mul" classname="automation.TestClassCalculator" time="0"/>
  <testcase name="test_sum" classname="automation.TestClassCalculator" time="0"/>
</testsuite>