<?xml version="1.0" encoding="UTF-8"?>
<testsuite xmlns:xsi="http://www.w3.org/2001/XMLSchema-instance" xsi:noNamespaceSchemaLocation="https://maven.apache.org/surefire/maven-surefire-plugin/xsd/surefire-test-report-3.0.xsd" version="3.0" name="junittestpkg.TestCalculatorClass" time="0.069" tests="4" errors="0" skipped="0" failures="0">
  <properties>
[...]
</properties>
  <testcase name="test_case1_sum" classname="junittestpkg.TestCalculatorClass" time="0.004"/>
  <testcase name="test_case3_mul" classname="junittestpkg.TestCalculatorClass" time="0"/>
  <testcase name="test_case4_div" classname="junittestpkg.TestCalculatorClass" time="0"/>
  <testcase name="test_case2_diff" classname="junittestpkg.TestCalculatorClass" time="0"/>
</testsuite>